12:15:05,600 root INFO Program started at Sun, 14 Esf 1401
12:15:05,600 root INFO Bugcrowd started at Sun, 14 Esf 1401
12:15:05,601 urllib3.connectionpool DEBUG Starting new HTTPS connection (1): bugcrowd.com:443
12:15:07,189 urllib3.connectionpool DEBUG https://bugcrowd.com:443 "GET /programs.json?sort%5B%5D=promoted-desc&vdp%5B%5D=false&page%5B%5D=0 HTTP/1.1" 200 None
12:15:07,359 root INFO Request send to - https://bugcrowd.com/programs.json?sort[]=promoted-desc&vdp[]=false&page[]=0
12:15:07,363 urllib3.connectionpool DEBUG Starting new HTTPS connection (1): bugcrowd.com:443
12:15:09,567 urllib3.connectionpool DEBUG https://bugcrowd.com:443 "GET /programs.json?sort%5B%5D=promoted-desc&vdp%5B%5D=false&page%5B%5D=1 HTTP/1.1" 200 None
12:15:09,569 root INFO Request send to - https://bugcrowd.com/programs.json?sort[]=promoted-desc&vdp[]=false&page[]=1
12:15:09,572 urllib3.connectionpool DEBUG Starting new HTTPS connection (1): bugcrowd.com:443
12:15:11,200 urllib3.connectionpool DEBUG https://bugcrowd.com:443 "GET /programs.json?sort%5B%5D=promoted-desc&vdp%5B%5D=false&page%5B%5D=2 HTTP/1.1" 200 None
12:15:11,203 root INFO Request send to - https://bugcrowd.com/programs.json?sort[]=promoted-desc&vdp[]=false&page[]=2
12:15:11,206 urllib3.connectionpool DEBUG Starting new HTTPS connection (1): bugcrowd.com:443
12:15:12,738 urllib3.connectionpool DEBUG https://bugcrowd.com:443 "GET /programs.json?sort%5B%5D=promoted-desc&vdp%5B%5D=false&page%5B%5D=3 HTTP/1.1" 200 None
12:15:12,941 root INFO Request send to - https://bugcrowd.com/programs.json?sort[]=promoted-desc&vdp[]=false&page[]=3
12:15:12,945 urllib3.connectionpool DEBUG Starting new HTTPS connection (1): bugcrowd.com:443
12:15:15,501 urllib3.connectionpool DEBUG https://bugcrowd.com:443 "GET /programs.json?sort%5B%5D=promoted-desc&vdp%5B%5D=false&page%5B%5D=4 HTTP/1.1" 200 None
12:15:15,504 root INFO Request send to - https://bugcrowd.com/programs.json?sort[]=promoted-desc&vdp[]=false&page[]=4
12:15:15,515 urllib3.connectionpool DEBUG Starting new HTTPS connection (1): bugcrowd.com:443
12:15:17,344 urllib3.connectionpool DEBUG https://bugcrowd.com:443 "GET /programs.json?sort%5B%5D=promoted-desc&vdp%5B%5D=false&page%5B%5D=5 HTTP/1.1" 200 None
12:15:17,347 root INFO Request send to - https://bugcrowd.com/programs.json?sort[]=promoted-desc&vdp[]=false&page[]=5
12:15:17,350 urllib3.connectionpool DEBUG Starting new HTTPS connection (1): bugcrowd.com:443
12:15:19,494 urllib3.connectionpool DEBUG https://bugcrowd.com:443 "GET /programs.json?sort%5B%5D=promoted-desc&vdp%5B%5D=false&page%5B%5D=6 HTTP/1.1" 200 None
12:15:19,742 root INFO Request send to - https://bugcrowd.com/programs.json?sort[]=promoted-desc&vdp[]=false&page[]=6
12:15:19,744 urllib3.connectionpool DEBUG Starting new HTTPS connection (1): bugcrowd.com:443
12:15:21,439 urllib3.connectionpool DEBUG https://bugcrowd.com:443 "GET /programs.json?sort%5B%5D=promoted-desc&vdp%5B%5D=false&page%5B%5D=7 HTTP/1.1" 200 None
12:15:21,452 root INFO Request send to - https://bugcrowd.com/programs.json?sort[]=promoted-desc&vdp[]=false&page[]=7
12:15:21,454 urllib3.connectionpool DEBUG Starting new HTTPS connection (1): bugcrowd.com:443
12:15:23,746 urllib3.connectionpool DEBUG https://bugcrowd.com:443 "GET /programs.json?sort%5B%5D=promoted-desc&vdp%5B%5D=false&page%5B%5D=8 HTTP/1.1" 200 None
12:15:23,750 root INFO Request send to - https://bugcrowd.com/programs.json?sort[]=promoted-desc&vdp[]=false&page[]=8
12:15:23,755 urllib3.connectionpool DEBUG Starting new HTTPS connection (1): bugcrowd.com:443
12:15:26,48 urllib3.connectionpool DEBUG https://bugcrowd.com:443 "GET /programs.json?sort%5B%5D=promoted-desc&vdp%5B%5D=false&page%5B%5D=9 HTTP/1.1" 200 None
12:15:26,51 root INFO Request send to - https://bugcrowd.com/programs.json?sort[]=promoted-desc&vdp[]=false&page[]=9
12:15:26,52 urllib3.connectionpool DEBUG Starting new HTTPS connection (1): bugcrowd.com:443
12:15:26,958 urllib3.connectionpool DEBUG https://bugcrowd.com:443 "GET /programs.json?sort%5B%5D=promoted-desc&vdp%5B%5D=false&page%5B%5D=10 HTTP/1.1" 200 None
12:15:26,962 root INFO Request send to - https://bugcrowd.com/programs.json?sort[]=promoted-desc&vdp[]=false&page[]=10
12:15:26,965 urllib3.connectionpool DEBUG Starting new HTTPS connection (1): bugcrowd.com:443
12:15:27,788 urllib3.connectionpool DEBUG https://bugcrowd.com:443 "GET /programs.json?sort%5B%5D=promoted-desc&vdp%5B%5D=false&page%5B%5D=11 HTTP/1.1" 200 None
12:15:27,792 root INFO Request send to - https://bugcrowd.com/programs.json?sort[]=promoted-desc&vdp[]=false&page[]=11
12:15:27,792 root INFO The last page of the programs is - 12
12:15:27,862 root INFO Bugcrowd finished with 1 results.
12:15:27,862 root INFO Intigriti started at Sun, 14 Esf 1401
12:15:27,862 root INFO Intigriti function runs.
12:15:27,863 urllib3.connectionpool DEBUG Starting new HTTPS connection (1): www.intigriti.com:443
12:15:28,416 urllib3.connectionpool DEBUG https://www.intigriti.com:443 "GET /_next/data/uV9iNviSBR6cDIRuoUTN7/en/programs.json HTTP/1.1" 200 None
12:15:28,917 root INFO Request send to - https://www.intigriti.com/_next/data/uV9iNviSBR6cDIRuoUTN7/en/programs.json
12:15:28,935 root INFO Intigiriti finished with 0 results.
12:15:28,935 root INFO Hackerone started at Sun, 14 Esf 1401
12:15:28,936 urllib3.connectionpool DEBUG Starting new HTTPS connection (1): api.hackerone.com:443
12:15:30,246 urllib3.connectionpool DEBUG https://api.hackerone.com:443 "GET /v1/hackers/programs?page%5Bnumber%5D=0 HTTP/1.1" 200 None
12:15:30,454 root INFO Request sended to - https://api.hackerone.com/v1/hackers/programs?page%5Bnumber%5D=0
12:15:30,457 urllib3.connectionpool DEBUG Starting new HTTPS connection (1): api.hackerone.com:443
12:15:31,680 urllib3.connectionpool DEBUG https://api.hackerone.com:443 "GET /v1/hackers/programs?page%5Bnumber%5D=1 HTTP/1.1" 200 None
12:15:31,683 root INFO Request sended to - https://api.hackerone.com/v1/hackers/programs?page%5Bnumber%5D=1
12:15:31,684 urllib3.connectionpool DEBUG Starting new HTTPS connection (1): api.hackerone.com:443
12:15:32,908 urllib3.connectionpool DEBUG https://api.hackerone.com:443 "GET /v1/hackers/programs?page%5Bnumber%5D=2 HTTP/1.1" 200 None
12:15:33,113 root INFO Request sended to - https://api.hackerone.com/v1/hackers/programs?page%5Bnumber%5D=2
12:15:33,117 urllib3.connectionpool DEBUG Starting new HTTPS connection (1): api.hackerone.com:443
12:15:34,345 urllib3.connectionpool DEBUG https://api.hackerone.com:443 "GET /v1/hackers/programs?page%5Bnumber%5D=3 HTTP/1.1" 200 None
12:15:34,386 root INFO Request sended to - https://api.hackerone.com/v1/hackers/programs?page%5Bnumber%5D=3
12:15:34,389 urllib3.connectionpool DEBUG Starting new HTTPS connection (1): api.hackerone.com:443
12:15:35,593 urllib3.connectionpool DEBUG https://api.hackerone.com:443 "GET /v1/hackers/programs?page%5Bnumber%5D=4 HTTP/1.1" 200 None
12:15:35,706 root INFO Request sended to - https://api.hackerone.com/v1/hackers/programs?page%5Bnumber%5D=4
12:15:35,709 urllib3.connectionpool DEBUG Starting new HTTPS connection (1): api.hackerone.com:443
12:15:37,4 urllib3.connectionpool DEBUG https://api.hackerone.com:443 "GET /v1/hackers/programs?page%5Bnumber%5D=5 HTTP/1.1" 200 None
12:15:37,7 root INFO Request sended to - https://api.hackerone.com/v1/hackers/programs?page%5Bnumber%5D=5
12:15:37,10 urllib3.connectionpool DEBUG Starting new HTTPS connection (1): api.hackerone.com:443
12:15:38,233 urllib3.connectionpool DEBUG https://api.hackerone.com:443 "GET /v1/hackers/programs?page%5Bnumber%5D=6 HTTP/1.1" 200 None
12:15:38,303 root INFO Request sended to - https://api.hackerone.com/v1/hackers/programs?page%5Bnumber%5D=6
12:15:38,306 urllib3.connectionpool DEBUG Starting new HTTPS connection (1): api.hackerone.com:443
12:15:39,568 urllib3.connectionpool DEBUG https://api.hackerone.com:443 "GET /v1/hackers/programs?page%5Bnumber%5D=7 HTTP/1.1" 200 None
12:15:39,770 root INFO Request sended to - https://api.hackerone.com/v1/hackers/programs?page%5Bnumber%5D=7
12:15:39,774 urllib3.connectionpool DEBUG Starting new HTTPS connection (1): api.hackerone.com:443
12:15:41,100 urllib3.connectionpool DEBUG https://api.hackerone.com:443 "GET /v1/hackers/programs?page%5Bnumber%5D=8 HTTP/1.1" 200 None
12:15:41,103 root INFO Request sended to - https://api.hackerone.com/v1/hackers/programs?page%5Bnumber%5D=8
12:15:41,104 urllib3.connectionpool DEBUG Starting new HTTPS connection (1): api.hackerone.com:443
12:15:42,542 urllib3.connectionpool DEBUG https://api.hackerone.com:443 "GET /v1/hackers/programs?page%5Bnumber%5D=9 HTTP/1.1" 200 None
12:15:42,739 root INFO Request sended to - https://api.hackerone.com/v1/hackers/programs?page%5Bnumber%5D=9
12:15:42,742 urllib3.connectionpool DEBUG Starting new HTTPS connection (1): api.hackerone.com:443
12:15:44,7 urllib3.connectionpool DEBUG https://api.hackerone.com:443 "GET /v1/hackers/programs?page%5Bnumber%5D=10 HTTP/1.1" 200 None
12:15:44,51 root INFO Request sended to - https://api.hackerone.com/v1/hackers/programs?page%5Bnumber%5D=10
12:15:44,54 urllib3.connectionpool DEBUG Starting new HTTPS connection (1): api.hackerone.com:443
12:15:45,401 urllib3.connectionpool DEBUG https://api.hackerone.com:443 "GET /v1/hackers/programs?page%5Bnumber%5D=11 HTTP/1.1" 200 None
12:15:45,447 root INFO Request sended to - https://api.hackerone.com/v1/hackers/programs?page%5Bnumber%5D=11
12:15:45,450 urllib3.connectionpool DEBUG Starting new HTTPS connection (1): api.hackerone.com:443
12:15:46,937 urllib3.connectionpool DEBUG https://api.hackerone.com:443 "GET /v1/hackers/programs?page%5Bnumber%5D=12 HTTP/1.1" 200 None
12:15:47,143 root INFO Request sended to - https://api.hackerone.com/v1/hackers/programs?page%5Bnumber%5D=12
12:15:47,146 urllib3.connectionpool DEBUG Starting new HTTPS connection (1): api.hackerone.com:443
12:15:48,902 urllib3.connectionpool DEBUG https://api.hackerone.com:443 "GET /v1/hackers/programs?page%5Bnumber%5D=13 HTTP/1.1" 200 None
12:15:48,904 root INFO Request sended to - https://api.hackerone.com/v1/hackers/programs?page%5Bnumber%5D=13
12:15:48,907 urllib3.connectionpool DEBUG Starting new HTTPS connection (1): api.hackerone.com:443
12:15:50,142 urllib3.connectionpool DEBUG https://api.hackerone.com:443 "GET /v1/hackers/programs?page%5Bnumber%5D=14 HTTP/1.1" 200 None
12:15:50,187 root INFO Request sended to - https://api.hackerone.com/v1/hackers/programs?page%5Bnumber%5D=14
12:15:50,190 urllib3.connectionpool DEBUG Starting new HTTPS connection (1): api.hackerone.com:443
12:15:51,749 urllib3.connectionpool DEBUG https://api.hackerone.com:443 "GET /v1/hackers/programs?page%5Bnumber%5D=15 HTTP/1.1" 200 None
12:15:51,795 root INFO Request sended to - https://api.hackerone.com/v1/hackers/programs?page%5Bnumber%5D=15
12:15:51,798 urllib3.connectionpool DEBUG Starting new HTTPS connection (1): api.hackerone.com:443
12:15:53,388 urllib3.connectionpool DEBUG https://api.hackerone.com:443 "GET /v1/hackers/programs?page%5Bnumber%5D=16 HTTP/1.1" 200 None
12:15:53,594 root INFO Request sended to - https://api.hackerone.com/v1/hackers/programs?page%5Bnumber%5D=16
12:15:53,597 urllib3.connectionpool DEBUG Starting new HTTPS connection (1): api.hackerone.com:443
12:15:55,129 urllib3.connectionpool DEBUG https://api.hackerone.com:443 "GET /v1/hackers/programs?page%5Bnumber%5D=17 HTTP/1.1" 200 None
12:15:55,349 root INFO Request sended to - https://api.hackerone.com/v1/hackers/programs?page%5Bnumber%5D=17
12:15:55,352 urllib3.connectionpool DEBUG Starting new HTTPS connection (1): api.hackerone.com:443
12:15:56,767 urllib3.connectionpool DEBUG https://api.hackerone.com:443 "GET /v1/hackers/programs?page%5Bnumber%5D=18 HTTP/1.1" 200 None
12:15:56,770 root INFO Request sended to - https://api.hackerone.com/v1/hackers/programs?page%5Bnumber%5D=18
12:15:56,807 urllib3.connectionpool DEBUG Starting new HTTPS connection (1): api.hackerone.com:443
12:15:58,98 urllib3.connectionpool DEBUG https://api.hackerone.com:443 "GET /v1/hackers/programs?page%5Bnumber%5D=19 HTTP/1.1" 200 None
12:15:58,101 root INFO Request sended to - https://api.hackerone.com/v1/hackers/programs?page%5Bnumber%5D=19
12:15:58,102 urllib3.connectionpool DEBUG Starting new HTTPS connection (1): api.hackerone.com:443
12:15:59,308 urllib3.connectionpool DEBUG https://api.hackerone.com:443 "GET /v1/hackers/programs?page%5Bnumber%5D=20 HTTP/1.1" 200 None
12:15:59,389 root INFO Request sended to - https://api.hackerone.com/v1/hackers/programs?page%5Bnumber%5D=20
12:15:59,392 urllib3.connectionpool DEBUG Starting new HTTPS connection (1): api.hackerone.com:443
12:16:00,454 urllib3.connectionpool DEBUG https://api.hackerone.com:443 "GET /v1/hackers/programs?page%5Bnumber%5D=21 HTTP/1.1" 200 None
12:16:00,456 root INFO Request sended to - https://api.hackerone.com/v1/hackers/programs?page%5Bnumber%5D=21
12:16:00,457 root WARNING Data doesn't exist at - https://api.hackerone.com/v1/hackers/programs?page%5Bnumber%5D=21
12:16:00,541 root INFO Hackerone finished with 0 results.
12:16:00,541 discord.client WARNING PyNaCl is not installed, voice will NOT be supported
12:16:00,541 discord.client DEBUG on_ready has successfully been registered as an event
12:16:00,541 asyncio DEBUG Using selector: EpollSelector
12:16:00,541 discord.client INFO logging in using static token
12:16:01,272 discord.http DEBUG GET https://discord.com/api/v10/users/@me with None has returned 200
12:16:01,273 discord.http DEBUG GET /users/@me has found its initial rate limit bucket hash (f7ead6a7674e5a323d93786263b66cb1).
12:16:01,273 discord.http DEBUG GET https://discord.com/api/v10/users/@me has received {'id': '1077714110952783982', 'username': 'Bounty Program List', 'display_name': None, 'avatar': None, 'avatar_decoration': None, 'discriminator': '9853', 'public_flags': 0, 'flags': 0, 'bot': True, 'banner': None, 'banner_color': None, 'accent_color': None, 'bio': '', 'locale': 'en-US', 'mfa_enabled': False, 'premium_type': 0, 'email': None, 'verified': True}
12:16:01,643 discord.http DEBUG GET https://discord.com/api/v10/oauth2/applications/@me with None has returned 200
12:16:01,686 discord.http DEBUG GET /oauth2/applications/@me has found its initial rate limit bucket hash (f7ead6a7674e5a323d93786263b66cb1).
12:16:01,686 discord.http DEBUG GET https://discord.com/api/v10/oauth2/applications/@me has received {'id': '1077714110952783982', 'name': 'Bounty program list', 'icon': None, 'description': '', 'summary': '', 'type': None, 'hook': True, 'bot_public': True, 'bot_require_code_grant': False, 'verify_key': '9354a21aa8f4cca8f67ab842cdb13ceab1d57b0c3a803c6c5135c94223e226e3', 'owner': {'id': '688767880208056350', 'username': 'H3llf!r3', 'display_name': None, 'avatar': '2afcfd4479e2efb28e2039f1e210ff23', 'avatar_decoration': None, 'discriminator': '5377', 'public_flags': 0, 'flags': 0}, 'flags': 0, 'team': None}
12:16:02,286 discord.gateway DEBUG Created websocket connected to wss://gateway.discord.gg/
12:16:02,287 discord.gateway DEBUG For Shard ID None: WebSocket Event: {'t': None, 's': None, 'op': 10, 'd': {'heartbeat_interval': 41250, '_trace': ['["gateway-prd-us-east1-b-0wc5",{"micros":0.0}]']}}
12:16:02,288 discord.gateway DEBUG Shard ID None has sent the IDENTIFY payload.
12:16:02,525 discord.gateway DEBUG For Shard ID None: WebSocket Event: {'t': None, 's': None, 'op': 11, 'd': None}
12:16:03,116 discord.gateway DEBUG For Shard ID None: WebSocket Event: {'t': 'READY', 's': 1, 'op': 0, 'd': {'v': 10, 'user_settings': {}, 'user': {'verified': True, 'username': 'Bounty Program List', 'mfa_enabled': False, 'id': '1077714110952783982', 'flags': 0, 'email': None, 'display_name': None, 'discriminator': '9853', 'bot': True, 'avatar': None}, 'session_type': 'normal', 'session_id': '1e304e5077ba28c6d457d411401d52eb', 'resume_gateway_url': 'wss://gateway-us-east1-b.discord.gg', 'relationships': [], 'private_channels': [], 'presences': [], 'guilds': [{'unavailable': True, 'id': '1077715462198145106'}], 'guild_join_requests': [], 'geo_ordered_rtc_regions': ['rotterdam', 'frankfurt', 'milan', 'madrid', 'stockholm'], 'application': {'id': '1077714110952783982', 'flags': 0}, '_trace': ['["gateway-prd-us-east1-b-0wc5",{"micros":530639,"calls":["id_created",{"micros":1269,"calls":[]},"session_lookup_time",{"micros":161704,"calls":[]},"session_lookup_finished",{"micros":17,"calls":[]},"discord-sessions-blue-prd-2-265",{"micros":362480,"calls":["start_session",{"micros":194766,"calls":["discord-api-6dc7c98557-c487f",{"micros":180503,"calls":["get_user",{"micros":30778},"get_guilds",{"micros":30180},"send_scheduled_deletion_message",{"micros":8},"guild_join_requests",{"micros":2},"authorized_ip_coro",{"micros":10}]}]},"starting_guild_connect",{"micros":57,"calls":[]},"presence_started",{"micros":139915,"calls":[]},"guilds_started",{"micros":79,"calls":[]},"guilds_connect",{"micros":2,"calls":[]},"presence_connect",{"micros":27594,"calls":[]},"connect_finished",{"micros":27611,"calls":[]},"build_ready",{"micros":25,"calls":[]},"clean_ready",{"micros":1,"calls":[]},"optimize_ready",{"micros":23,"calls":[]},"split_ready",{"micros":2,"calls":[]}]}]}]']}}
12:16:03,116 discord.client DEBUG Dispatching event socket_event_type
12:16:03,117 discord.gateway INFO Shard ID None has connected to Gateway (Session ID: 1e304e5077ba28c6d457d411401d52eb).
12:16:03,117 discord.client DEBUG Dispatching event connect
12:16:03,525 discord.gateway DEBUG For Shard ID None: WebSocket Event: {'t': 'GUILD_CREATE', 's': 2, 'op': 0, 'd': {'vanity_url_code': None, 'presences': [], 'hub_type': None, 'safety_alerts_channel_id': None, 'description': None, 'verification_level': 0, 'latest_onboarding_question_id': None, 'premium_subscription_count': 0, 'public_updates_channel_id': None, 'nsfw': False, 'lazy': True, 'max_members': 500000, 'application_command_counts': {}, 'member_count': 2, 'roles': [{'version': 1677017789344, 'unicode_emoji': None, 'tags': {}, 'position': 0, 'permissions': '1071698660929', 'name': '@everyone', 'mentionable': False, 'managed': False, 'id': '1077715462198145106', 'icon': None, 'hoist': False, 'flags': 0, 'color': 0}, {'version': 1677018083711, 'unicode_emoji': None, 'tags': {'bot_id': '1077714110952783982'}, 'position': 1, 'permissions': '8', 'name': 'Bounty program list', 'mentionable': False, 'managed': True, 'id': '1077716697231917180', 'icon': None, 'hoist': False, 'flags': 0, 'color': 0}], 'large': False, 'joined_at': '2023-02-21T22:21:23.731000+00:00', 'voice_states': [], 'preferred_locale': 'en-US', 'unavailable': False, 'discovery_splash': None, 'id': '1077715462198145106', 'afk_timeout': 300, 'emojis': [], 'system_channel_id': '1077715462957310144', 'afk_channel_id': None, 'splash': None, 'icon': '3e9234206ed569ed528fa58c4da2bad1', 'guild_scheduled_events': [], 'max_video_channel_users': 25, 'premium_tier': 0, 'stage_instances': [], 'region': 'deprecated', 'mfa_level': 0, 'members': [{'user': {'username': 'Bounty Program List', 'public_flags': 0, 'id': '1077714110952783982', 'display_name': None, 'discriminator': '9853', 'bot': True, 'avatar_decoration': None, 'avatar': None}, 'roles': ['1077716697231917180'], 'premium_since': None, 'pending': False, 'nick': None, 'mute': False, 'joined_at': '2023-02-21T22:21:23.731000+00:00', 'flags': 0, 'deaf': False, 'communication_disabled_until': None, 'avatar': None}], 'threads': [], 'rules_channel_id': None, 'default_message_notifications': 0, 'stickers': [], 'channels': [{'version': 1677017789367, 'type': 4, 'position': 0, 'permission_overwrites': [], 'name': 'Text Channels', 'id': '1077715462957310142', 'flags': 0}, {'version': 1677017789381, 'type': 4, 'position': 0, 'permission_overwrites': [], 'name': 'Voice Channels', 'id': '1077715462957310143', 'flags': 0}, {'version': 1677354458088, 'type': 0, 'topic': None, 'rate_limit_per_user': 0, 'position': 0, 'permission_overwrites': [], 'parent_id': '1077715462957310142', 'name': 'new-projects', 'last_message_id': '1081998575053054063', 'id': '1077715462957310144', 'flags': 0}, {'version': 1677017789431, 'user_limit': 0, 'type': 2, 'rtc_region': None, 'rate_limit_per_user': 0, 'position': 0, 'permission_overwrites': [], 'parent_id': '1077715462957310143', 'name': 'General', 'last_message_id': None, 'id': '1077715462957310145', 'flags': 0, 'bitrate': 64000}, {'version': 1677354442929, 'type': 0, 'topic': None, 'rate_limit_per_user': 0, 'position': 1, 'permission_overwrites': [], 'parent_id': '1077715462957310142', 'name': 'subdomains', 'last_message_id': None, 'id': '1079127490351616140', 'flags': 0}], 'owner_id': '688767880208056350', 'home_header': None, 'application_id': None, 'embedded_activities': [], 'max_stage_video_channel_users': 50, 'explicit_content_filter': 0, 'system_channel_flags': 0, 'premium_progress_bar_enabled': False, 'features': ['APPLICATION_COMMAND_PERMISSIONS_V2'], 'guild_hashes': {'version': 1, 'roles': {'omitted': False, 'hash': 'e2X7yg'}, 'metadata': {'omitted': False, 'hash': '6K/2fw'}, 'channels': {'omitted': False, 'hash': 'p7dPPw'}}, 'name': "H3llf!r3's server", 'nsfw_level': 0, 'banner': None}}
12:16:03,526 discord.client DEBUG Dispatching event socket_event_type
12:16:03,526 discord.client DEBUG Dispatching event guild_available
12:16:05,529 discord.client DEBUG Dispatching event ready
12:16:05,530 discord.client ERROR Ignoring exception in on_ready
Traceback (most recent call last):
  File "/home/ayoub/.local/share/virtualenvs/find_BBP_link-NqoS9fd8/lib/python3.9/site-packages/discord/client.py", line 441, in _run_event
    await coro(*args, **kwargs)
  File "/home/ayoub/codes/find_BBP_link/main.py", line 171, in on_ready
    await channel.send(f"***New program added at {time} in {data['platform']}***")
UnboundLocalError: local variable 'data' referenced before assignment
12:16:43,538 discord.gateway DEBUG Keeping shard ID None websocket alive with sequence 2.
12:16:43,775 discord.gateway DEBUG For Shard ID None: WebSocket Event: {'t': None, 's': None, 'op': 11, 'd': None}
12:17:24,789 discord.gateway DEBUG Keeping shard ID None websocket alive with sequence 2.
12:17:25,34 discord.gateway DEBUG For Shard ID None: WebSocket Event: {'t': None, 's': None, 'op': 11, 'd': None}
12:18:06,40 discord.gateway DEBUG Keeping shard ID None websocket alive with sequence 2.
12:18:06,301 discord.gateway DEBUG For Shard ID None: WebSocket Event: {'t': None, 's': None, 'op': 11, 'd': None}
12:18:47,291 discord.gateway DEBUG Keeping shard ID None websocket alive with sequence 2.
12:18:47,532 discord.gateway DEBUG For Shard ID None: WebSocket Event: {'t': None, 's': None, 'op': 11, 'd': None}
12:19:28,542 discord.gateway DEBUG Keeping shard ID None websocket alive with sequence 2.
12:19:28,779 discord.gateway DEBUG For Shard ID None: WebSocket Event: {'t': None, 's': None, 'op': 11, 'd': None}
12:20:09,794 discord.gateway DEBUG Keeping shard ID None websocket alive with sequence 2.
12:20:10,37 discord.gateway DEBUG For Shard ID None: WebSocket Event: {'t': None, 's': None, 'op': 11, 'd': None}
12:22:31,60 discord.client WARNING PyNaCl is not installed, voice will NOT be supported
12:22:31,60 discord.client DEBUG on_ready has successfully been registered as an event
12:22:31,61 asyncio DEBUG Using selector: EpollSelector
12:22:31,61 discord.client INFO logging in using static token
12:22:31,851 discord.http DEBUG GET https://discord.com/api/v10/users/@me with None has returned 200
12:22:31,851 discord.http DEBUG GET /users/@me has found its initial rate limit bucket hash (f7ead6a7674e5a323d93786263b66cb1).
12:22:31,851 discord.http DEBUG GET https://discord.com/api/v10/users/@me has received {'id': '1077714110952783982', 'username': 'Bounty Program List', 'display_name': None, 'avatar': None, 'avatar_decoration': None, 'discriminator': '9853', 'public_flags': 0, 'flags': 0, 'bot': True, 'banner': None, 'banner_color': None, 'accent_color': None, 'bio': '', 'locale': 'en-US', 'mfa_enabled': False, 'premium_type': 0, 'email': None, 'verified': True}
12:22:32,231 discord.http DEBUG GET https://discord.com/api/v10/oauth2/applications/@me with None has returned 200
12:22:32,231 discord.http DEBUG GET /oauth2/applications/@me has found its initial rate limit bucket hash (f7ead6a7674e5a323d93786263b66cb1).
12:22:32,232 discord.http DEBUG GET https://discord.com/api/v10/oauth2/applications/@me has received {'id': '1077714110952783982', 'name': 'Bounty program list', 'icon': None, 'description': '', 'summary': '', 'type': None, 'hook': True, 'bot_public': True, 'bot_require_code_grant': False, 'verify_key': '9354a21aa8f4cca8f67ab842cdb13ceab1d57b0c3a803c6c5135c94223e226e3', 'owner': {'id': '688767880208056350', 'username': 'H3llf!r3', 'display_name': None, 'avatar': '2afcfd4479e2efb28e2039f1e210ff23', 'avatar_decoration': None, 'discriminator': '5377', 'public_flags': 0, 'flags': 0}, 'flags': 0, 'team': None}
12:22:33,50 discord.gateway DEBUG Created websocket connected to wss://gateway.discord.gg/
12:22:33,51 discord.gateway DEBUG For Shard ID None: WebSocket Event: {'t': None, 's': None, 'op': 10, 'd': {'heartbeat_interval': 41250, '_trace': ['["gateway-prd-us-east1-b-0ns9",{"micros":0.0}]']}}
12:22:33,52 discord.gateway DEBUG Shard ID None has sent the IDENTIFY payload.
12:22:33,286 discord.gateway DEBUG For Shard ID None: WebSocket Event: {'t': None, 's': None, 'op': 11, 'd': None}
12:22:33,461 discord.gateway DEBUG For Shard ID None: WebSocket Event: {'t': 'READY', 's': 1, 'op': 0, 'd': {'v': 10, 'user_settings': {}, 'user': {'verified': True, 'username': 'Bounty Program List', 'mfa_enabled': False, 'id': '1077714110952783982', 'flags': 0, 'email': None, 'display_name': None, 'discriminator': '9853', 'bot': True, 'avatar': None}, 'session_type': 'normal', 'session_id': 'aed7b4f8f55832389a8a7a244c087a50', 'resume_gateway_url': 'wss://gateway-us-east1-b.discord.gg', 'relationships': [], 'private_channels': [], 'presences': [], 'guilds': [{'unavailable': True, 'id': '1077715462198145106'}], 'guild_join_requests': [], 'geo_ordered_rtc_regions': ['rotterdam', 'frankfurt', 'milan', 'madrid', 'stockholm'], 'application': {'id': '1077714110952783982', 'flags': 0}, '_trace': ['["gateway-prd-us-east1-b-0ns9",{"micros":155781,"calls":["id_created",{"micros":1051,"calls":[]},"session_lookup_time",{"micros":378,"calls":[]},"session_lookup_finished",{"micros":14,"calls":[]},"discord-sessions-blue-prd-2-247",{"micros":153935,"calls":["start_session",{"micros":109894,"calls":["discord-api-6dc7c98557-2k8mp",{"micros":103543,"calls":["get_user",{"micros":52916},"get_guilds",{"micros":8359},"send_scheduled_deletion_message",{"micros":10},"guild_join_requests",{"micros":435},"authorized_ip_coro",{"micros":9}]}]},"starting_guild_connect",{"micros":57,"calls":[]},"presence_started",{"micros":2462,"calls":[]},"guilds_started",{"micros":90,"calls":[]},"guilds_connect",{"micros":2,"calls":[]},"presence_connect",{"micros":41389,"calls":[]},"connect_finished",{"micros":41393,"calls":[]},"build_ready",{"micros":16,"calls":[]},"clean_ready",{"micros":0,"calls":[]},"optimize_ready",{"micros":1,"calls":[]},"split_ready",{"micros":21,"calls":[]}]}]}]']}}
12:22:33,461 discord.client DEBUG Dispatching event socket_event_type
12:22:33,462 discord.gateway INFO Shard ID None has connected to Gateway (Session ID: aed7b4f8f55832389a8a7a244c087a50).
12:22:33,462 discord.client DEBUG Dispatching event connect
12:22:33,462 discord.gateway DEBUG For Shard ID None: WebSocket Event: {'t': 'GUILD_CREATE', 's': 2, 'op': 0, 'd': {'icon': '3e9234206ed569ed528fa58c4da2bad1', 'vanity_url_code': None, 'home_header': None, 'afk_timeout': 300, 'premium_tier': 0, 'default_message_notifications': 0, 'description': None, 'features': ['APPLICATION_COMMAND_PERMISSIONS_V2'], 'nsfw_level': 0, 'public_updates_channel_id': None, 'region': 'deprecated', 'stage_instances': [], 'member_count': 2, 'rules_channel_id': None, 'application_command_counts': {}, 'roles': [{'version': 1677017789344, 'unicode_emoji': None, 'tags': {}, 'position': 0, 'permissions': '1071698660929', 'name': '@everyone', 'mentionable': False, 'managed': False, 'id': '1077715462198145106', 'icon': None, 'hoist': False, 'flags': 0, 'color': 0}, {'version': 1677018083711, 'unicode_emoji': None, 'tags': {'bot_id': '1077714110952783982'}, 'position': 1, 'permissions': '8', 'name': 'Bounty program list', 'mentionable': False, 'managed': True, 'id': '1077716697231917180', 'icon': None, 'hoist': False, 'flags': 0, 'color': 0}], 'lazy': True, 'application_id': None, 'large': False, 'stickers': [], 'splash': None, 'hub_type': None, 'id': '1077715462198145106', 'afk_channel_id': None, 'nsfw': False, 'banner': None, 'joined_at': '2023-02-21T22:21:23.731000+00:00', 'explicit_content_filter': 0, 'threads': [], 'members': [{'user': {'username': 'Bounty Program List', 'public_flags': 0, 'id': '1077714110952783982', 'display_name': None, 'discriminator': '9853', 'bot': True, 'avatar_decoration': None, 'avatar': None}, 'roles': ['1077716697231917180'], 'premium_since': None, 'pending': False, 'nick': None, 'mute': False, 'joined_at': '2023-02-21T22:21:23.731000+00:00', 'flags': 0, 'deaf': False, 'communication_disabled_until': None, 'avatar': None}], 'voice_states': [], 'verification_level': 0, 'system_channel_flags': 0, 'safety_alerts_channel_id': None, 'preferred_locale': 'en-US', 'max_members': 500000, 'presences': [], 'owner_id': '688767880208056350', 'discovery_splash': None, 'premium_subscription_count': 0, 'channels': [{'version': 1677017789367, 'type': 4, 'position': 0, 'permission_overwrites': [], 'name': 'Text Channels', 'id': '1077715462957310142', 'flags': 0}, {'version': 1677017789381, 'type': 4, 'position': 0, 'permission_overwrites': [], 'name': 'Voice Channels', 'id': '1077715462957310143', 'flags': 0}, {'version': 1677354458088, 'type': 0, 'topic': None, 'rate_limit_per_user': 0, 'position': 0, 'permission_overwrites': [], 'parent_id': '1077715462957310142', 'name': 'new-projects', 'last_message_id': '1081998575053054063', 'id': '1077715462957310144', 'flags': 0}, {'version': 1677017789431, 'user_limit': 0, 'type': 2, 'rtc_region': None, 'rate_limit_per_user': 0, 'position': 0, 'permission_overwrites': [], 'parent_id': '1077715462957310143', 'name': 'General', 'last_message_id': None, 'id': '1077715462957310145', 'flags': 0, 'bitrate': 64000}, {'version': 1677354442929, 'type': 0, 'topic': None, 'rate_limit_per_user': 0, 'position': 1, 'permission_overwrites': [], 'parent_id': '1077715462957310142', 'name': 'subdomains', 'last_message_id': None, 'id': '1079127490351616140', 'flags': 0}], 'max_stage_video_channel_users': 50, 'max_video_channel_users': 25, 'mfa_level': 0, 'embedded_activities': [], 'guild_hashes': {'version': 1, 'roles': {'omitted': False, 'hash': 'e2X7yg'}, 'metadata': {'omitted': False, 'hash': '6K/2fw'}, 'channels': {'omitted': False, 'hash': 'p7dPPw'}}, 'name': "H3llf!r3's server", 'emojis': [], 'system_channel_id': '1077715462957310144', 'premium_progress_bar_enabled': False, 'unavailable': False, 'latest_onboarding_question_id': None, 'guild_scheduled_events': []}}
12:22:33,463 discord.client DEBUG Dispatching event socket_event_type
12:22:33,463 discord.client DEBUG Dispatching event guild_available
12:22:35,466 discord.client DEBUG Dispatching event ready
12:22:35,920 discord.gateway DEBUG For Shard ID None: WebSocket Event: {'t': 'MESSAGE_CREATE', 's': 3, 'op': 0, 'd': {'type': 0, 'tts': False, 'timestamp': '2023-03-05T18:22:36.738000+00:00', 'referenced_message': None, 'pinned': False, 'mentions': [], 'mention_roles': [], 'mention_everyone': False, 'member': {'roles': ['1077716697231917180'], 'premium_since': None, 'pending': False, 'nick': None, 'mute': False, 'joined_at': '2023-02-21T22:21:23.731000+00:00', 'flags': 0, 'deaf': False, 'communication_disabled_until': None, 'avatar': None}, 'id': '1082005260287103026', 'flags': 0, 'embeds': [], 'edited_timestamp': None, 'content': '***New program added at Sun, 14 Esf 1401***', 'components': [], 'channel_id': '1077715462957310144', 'author': {'username': 'Bounty Program List', 'public_flags': 0, 'id': '1077714110952783982', 'display_name': None, 'discriminator': '9853', 'bot': True, 'avatar_decoration': None, 'avatar': None}, 'attachments': [], 'guild_id': '1077715462198145106'}}
12:22:35,920 discord.client DEBUG Dispatching event socket_event_type
12:22:35,920 discord.client DEBUG Dispatching event message
12:22:35,990 discord.http DEBUG POST https://discord.com/api/v10/channels/1077715462957310144/messages with {"content":"***New program added at Sun, 14 Esf 1401***","components":[],"tts":false} has returned 200
12:22:35,991 discord.http DEBUG POST /channels/{channel_id}/messages has found its initial rate limit bucket hash (1d3c67957bcdccc6709861c232df8529).
12:22:35,991 discord.http DEBUG POST https://discord.com/api/v10/channels/1077715462957310144/messages has received {'id': '1082005260287103026', 'type': 0, 'content': '***New program added at Sun, 14 Esf 1401***', 'channel_id': '1077715462957310144', 'author': {'id': '1077714110952783982', 'username': 'Bounty Program List', 'display_name': None, 'avatar': None, 'avatar_decoration': None, 'discriminator': '9853', 'public_flags': 0, 'bot': True}, 'attachments': [], 'embeds': [], 'mentions': [], 'mention_roles': [], 'pinned': False, 'mention_everyone': False, 'tts': False, 'timestamp': '2023-03-05T18:22:36.738000+00:00', 'edited_timestamp': None, 'flags': 0, 'components': [], 'referenced_message': None}
12:22:36,327 discord.gateway DEBUG For Shard ID None: WebSocket Event: {'t': 'MESSAGE_CREATE', 's': 4, 'op': 0, 'd': {'type': 0, 'tts': False, 'timestamp': '2023-03-05T18:22:37.187000+00:00', 'referenced_message': None, 'pinned': False, 'mentions': [], 'mention_roles': [], 'mention_everyone': False, 'member': {'roles': ['1077716697231917180'], 'premium_since': None, 'pending': False, 'nick': None, 'mute': False, 'joined_at': '2023-02-21T22:21:23.731000+00:00', 'flags': 0, 'deaf': False, 'communication_disabled_until': None, 'avatar': None}, 'id': '1082005262170329158', 'flags': 0, 'embeds': [], 'edited_timestamp': None, 'content': '***Platform***: Bugcrowd\n                ***Name***: hotdoc\n                ***Company***: easily book and manage all your appointments from one place.\n                ***URL***: https://bugcrowd.com/hotdoc', 'components': [], 'channel_id': '1077715462957310144', 'author': {'username': 'Bounty Program List', 'public_flags': 0, 'id': '1077714110952783982', 'display_name': None, 'discriminator': '9853', 'bot': True, 'avatar_decoration': None, 'avatar': None}, 'attachments': [], 'guild_id': '1077715462198145106'}}
12:22:36,327 discord.client DEBUG Dispatching event socket_event_type
12:22:36,327 discord.client DEBUG Dispatching event message
12:22:36,379 discord.http DEBUG POST https://discord.com/api/v10/channels/1077715462957310144/messages with {"content":"\n                ***Platform***: Bugcrowd\n                ***Name***: hotdoc\n                ***Company***: easily book and manage all your appointments from one place.\n                ***URL***: https://bugcrowd.com/hotdoc\n            ","components":[],"tts":false} has returned 200
12:22:36,426 discord.http DEBUG POST https://discord.com/api/v10/channels/1077715462957310144/messages has received {'id': '1082005262170329158', 'type': 0, 'content': '***Platform***: Bugcrowd\n                ***Name***: hotdoc\n                ***Company***: easily book and manage all your appointments from one place.\n                ***URL***: https://bugcrowd.com/hotdoc', 'channel_id': '1077715462957310144', 'author': {'id': '1077714110952783982', 'username': 'Bounty Program List', 'display_name': None, 'avatar': None, 'avatar_decoration': None, 'discriminator': '9853', 'public_flags': 0, 'bot': True}, 'attachments': [], 'embeds': [], 'mentions': [], 'mention_roles': [], 'pinned': False, 'mention_everyone': False, 'tts': False, 'timestamp': '2023-03-05T18:22:37.187000+00:00', 'edited_timestamp': None, 'flags': 0, 'components': [], 'referenced_message': None}
12:22:36,738 discord.gateway DEBUG For Shard ID None: WebSocket Event: {'t': 'MESSAGE_CREATE', 's': 5, 'op': 0, 'd': {'type': 0, 'tts': False, 'timestamp': '2023-03-05T18:22:37.613000+00:00', 'referenced_message': None, 'pinned': False, 'mentions': [], 'mention_roles': [], 'mention_everyone': False, 'member': {'roles': ['1077716697231917180'], 'premium_since': None, 'pending': False, 'nick': None, 'mute': False, 'joined_at': '2023-02-21T22:21:23.731000+00:00', 'flags': 0, 'deaf': False, 'communication_disabled_until': None, 'avatar': None}, 'id': '1082005263957110886', 'flags': 0, 'embeds': [], 'edited_timestamp': None, 'content': '***Platform***: Hackerone\n                ***Name***: ho\n                ***Company***: easily book and \n                ***URL***: https://bugcrowd.com/hotdoc/asdf', 'components': [], 'channel_id': '1077715462957310144', 'author': {'username': 'Bounty Program List', 'public_flags': 0, 'id': '1077714110952783982', 'display_name': None, 'discriminator': '9853', 'bot': True, 'avatar_decoration': None, 'avatar': None}, 'attachments': [], 'guild_id': '1077715462198145106'}}
12:22:36,739 discord.client DEBUG Dispatching event socket_event_type
12:22:36,739 discord.client DEBUG Dispatching event message
12:22:36,771 discord.http DEBUG POST https://discord.com/api/v10/channels/1077715462957310144/messages with {"content":"\n                ***Platform***: Hackerone\n                ***Name***: ho\n                ***Company***: easily book and \n                ***URL***: https://bugcrowd.com/hotdoc/asdf\n            ","components":[],"tts":false} has returned 200
12:22:36,771 discord.http DEBUG POST https://discord.com/api/v10/channels/1077715462957310144/messages has received {'id': '1082005263957110886', 'type': 0, 'content': '***Platform***: Hackerone\n                ***Name***: ho\n                ***Company***: easily book and \n                ***URL***: https://bugcrowd.com/hotdoc/asdf', 'channel_id': '1077715462957310144', 'author': {'id': '1077714110952783982', 'username': 'Bounty Program List', 'display_name': None, 'avatar': None, 'avatar_decoration': None, 'discriminator': '9853', 'public_flags': 0, 'bot': True}, 'attachments': [], 'embeds': [], 'mentions': [], 'mention_roles': [], 'pinned': False, 'mention_everyone': False, 'tts': False, 'timestamp': '2023-03-05T18:22:37.613000+00:00', 'edited_timestamp': None, 'flags': 0, 'components': [], 'referenced_message': None}
12:22:36,772 discord.gateway DEBUG Received WSMessage(type=<WSMsgType.CLOSING: 256>, data=None, extra=None)
12:22:36,772 discord.gateway DEBUG Websocket closed with 1000, cannot reconnect.
12:22:36,772 discord.client DEBUG Dispatching event disconnect
12:23:39,919 discord.client WARNING PyNaCl is not installed, voice will NOT be supported
12:23:39,919 discord.client DEBUG on_ready has successfully been registered as an event
12:23:39,919 asyncio DEBUG Using selector: EpollSelector
12:23:39,919 discord.client INFO logging in using static token
12:23:40,634 discord.http DEBUG GET https://discord.com/api/v10/users/@me with None has returned 200
12:23:40,634 discord.http DEBUG GET /users/@me has found its initial rate limit bucket hash (f7ead6a7674e5a323d93786263b66cb1).
12:23:40,634 discord.http DEBUG GET https://discord.com/api/v10/users/@me has received {'id': '1077714110952783982', 'username': 'Bounty Program List', 'display_name': None, 'avatar': None, 'avatar_decoration': None, 'discriminator': '9853', 'public_flags': 0, 'flags': 0, 'bot': True, 'banner': None, 'banner_color': None, 'accent_color': None, 'bio': '', 'locale': 'en-US', 'mfa_enabled': False, 'premium_type': 0, 'email': None, 'verified': True}
12:23:41,452 discord.http DEBUG GET https://discord.com/api/v10/oauth2/applications/@me with None has returned 200
12:23:41,453 discord.http DEBUG GET /oauth2/applications/@me has found its initial rate limit bucket hash (f7ead6a7674e5a323d93786263b66cb1).
12:23:41,453 discord.http DEBUG GET https://discord.com/api/v10/oauth2/applications/@me has received {'id': '1077714110952783982', 'name': 'Bounty program list', 'icon': None, 'description': '', 'summary': '', 'type': None, 'hook': True, 'bot_public': True, 'bot_require_code_grant': False, 'verify_key': '9354a21aa8f4cca8f67ab842cdb13ceab1d57b0c3a803c6c5135c94223e226e3', 'owner': {'id': '688767880208056350', 'username': 'H3llf!r3', 'display_name': None, 'avatar': '2afcfd4479e2efb28e2039f1e210ff23', 'avatar_decoration': None, 'discriminator': '5377', 'public_flags': 0, 'flags': 0}, 'flags': 0, 'team': None}
12:23:42,169 discord.gateway DEBUG Created websocket connected to wss://gateway.discord.gg/
12:23:42,169 discord.gateway DEBUG For Shard ID None: WebSocket Event: {'t': None, 's': None, 'op': 10, 'd': {'heartbeat_interval': 41250, '_trace': ['["gateway-prd-us-east1-c-f4jz",{"micros":0.0}]']}}
12:23:42,170 discord.gateway DEBUG Shard ID None has sent the IDENTIFY payload.
12:23:42,411 discord.gateway DEBUG For Shard ID None: WebSocket Event: {'t': None, 's': None, 'op': 11, 'd': None}
12:23:42,472 discord.gateway DEBUG For Shard ID None: WebSocket Event: {'t': 'READY', 's': 1, 'op': 0, 'd': {'v': 10, 'user_settings': {}, 'user': {'verified': True, 'username': 'Bounty Program List', 'mfa_enabled': False, 'id': '1077714110952783982', 'flags': 0, 'email': None, 'display_name': None, 'discriminator': '9853', 'bot': True, 'avatar': None}, 'session_type': 'normal', 'session_id': 'a9cc09518b2799c30642c0fe76096bc9', 'resume_gateway_url': 'wss://gateway-us-east1-c.discord.gg', 'relationships': [], 'private_channels': [], 'presences': [], 'guilds': [{'unavailable': True, 'id': '1077715462198145106'}], 'guild_join_requests': [], 'geo_ordered_rtc_regions': ['rotterdam', 'frankfurt', 'milan', 'madrid', 'stockholm'], 'application': {'id': '1077714110952783982', 'flags': 0}, '_trace': ['["gateway-prd-us-east1-c-f4jz",{"micros":65152,"calls":["id_created",{"micros":1110,"calls":[]},"session_lookup_time",{"micros":1957,"calls":[]},"session_lookup_finished",{"micros":18,"calls":[]},"discord-sessions-blue-prd-2-2",{"micros":61278,"calls":["start_session",{"micros":53519,"calls":["discord-api-6dc7c98557-9bbjc",{"micros":46206,"calls":["get_user",{"micros":11280},"get_guilds",{"micros":7543},"send_scheduled_deletion_message",{"micros":10},"guild_join_requests",{"micros":1},"authorized_ip_coro",{"micros":11}]}]},"starting_guild_connect",{"micros":67,"calls":[]},"presence_started",{"micros":340,"calls":[]},"guilds_started",{"micros":72,"calls":[]},"guilds_connect",{"micros":2,"calls":[]},"presence_connect",{"micros":7234,"calls":[]},"connect_finished",{"micros":7239,"calls":[]},"build_ready",{"micros":20,"calls":[]},"clean_ready",{"micros":1,"calls":[]},"optimize_ready",{"micros":18,"calls":[]},"split_ready",{"micros":1,"calls":[]}]}]}]']}}
12:23:42,473 discord.client DEBUG Dispatching event socket_event_type
12:23:42,473 discord.gateway INFO Shard ID None has connected to Gateway (Session ID: a9cc09518b2799c30642c0fe76096bc9).
12:23:42,473 discord.client DEBUG Dispatching event connect
12:23:42,475 discord.gateway DEBUG For Shard ID None: WebSocket Event: {'t': 'GUILD_CREATE', 's': 2, 'op': 0, 'd': {'presences': [], 'banner': None, 'default_message_notifications': 0, 'safety_alerts_channel_id': None, 'splash': None, 'verification_level': 0, 'voice_states': [], 'joined_at': '2023-02-21T22:21:23.731000+00:00', 'description': None, 'region': 'deprecated', 'system_channel_id': '1077715462957310144', 'discovery_splash': None, 'system_channel_flags': 0, 'home_header': None, 'hub_type': None, 'premium_progress_bar_enabled': False, 'nsfw_level': 0, 'members': [{'user': {'username': 'Bounty Program List', 'public_flags': 0, 'id': '1077714110952783982', 'display_name': None, 'discriminator': '9853', 'bot': True, 'avatar_decoration': None, 'avatar': None}, 'roles': ['1077716697231917180'], 'premium_since': None, 'pending': False, 'nick': None, 'mute': False, 'joined_at': '2023-02-21T22:21:23.731000+00:00', 'flags': 0, 'deaf': False, 'communication_disabled_until': None, 'avatar': None}], 'max_video_channel_users': 25, 'lazy': True, 'premium_subscription_count': 0, 'guild_scheduled_events': [], 'mfa_level': 0, 'emojis': [], 'features': ['APPLICATION_COMMAND_PERMISSIONS_V2'], 'id': '1077715462198145106', 'public_updates_channel_id': None, 'application_id': None, 'embedded_activities': [], 'afk_timeout': 300, 'guild_hashes': {'version': 1, 'roles': {'omitted': False, 'hash': 'e2X7yg'}, 'metadata': {'omitted': False, 'hash': '6K/2fw'}, 'channels': {'omitted': False, 'hash': 'p7dPPw'}}, 'owner_id': '688767880208056350', 'icon': '3e9234206ed569ed528fa58c4da2bad1', 'nsfw': False, 'rules_channel_id': None, 'channels': [{'version': 1677017789367, 'type': 4, 'position': 0, 'permission_overwrites': [], 'name': 'Text Channels', 'id': '1077715462957310142', 'flags': 0}, {'version': 1677017789381, 'type': 4, 'position': 0, 'permission_overwrites': [], 'name': 'Voice Channels', 'id': '1077715462957310143', 'flags': 0}, {'version': 1677354458088, 'type': 0, 'topic': None, 'rate_limit_per_user': 0, 'position': 0, 'permission_overwrites': [], 'parent_id': '1077715462957310142', 'name': 'new-projects', 'last_message_id': '1082005263957110886', 'id': '1077715462957310144', 'flags': 0}, {'version': 1677017789431, 'user_limit': 0, 'type': 2, 'rtc_region': None, 'rate_limit_per_user': 0, 'position': 0, 'permission_overwrites': [], 'parent_id': '1077715462957310143', 'name': 'General', 'last_message_id': None, 'id': '1077715462957310145', 'flags': 0, 'bitrate': 64000}, {'version': 1677354442929, 'type': 0, 'topic': None, 'rate_limit_per_user': 0, 'position': 1, 'permission_overwrites': [], 'parent_id': '1077715462957310142', 'name': 'subdomains', 'last_message_id': None, 'id': '1079127490351616140', 'flags': 0}], 'threads': [], 'application_command_counts': {}, 'latest_onboarding_question_id': None, 'explicit_content_filter': 0, 'roles': [{'version': 1677017789344, 'unicode_emoji': None, 'tags': {}, 'position': 0, 'permissions': '1071698660929', 'name': '@everyone', 'mentionable': False, 'managed': False, 'id': '1077715462198145106', 'icon': None, 'hoist': False, 'flags': 0, 'color': 0}, {'version': 1677018083711, 'unicode_emoji': None, 'tags': {'bot_id': '1077714110952783982'}, 'position': 1, 'permissions': '8', 'name': 'Bounty program list', 'mentionable': False, 'managed': True, 'id': '1077716697231917180', 'icon': None, 'hoist': False, 'flags': 0, 'color': 0}], 'large': False, 'vanity_url_code': None, 'stage_instances': [], 'unavailable': False, 'stickers': [], 'max_members': 500000, 'max_stage_video_channel_users': 50, 'member_count': 2, 'afk_channel_id': None, 'premium_tier': 0, 'name': "H3llf!r3's server", 'preferred_locale': 'en-US'}}
12:23:42,475 discord.client DEBUG Dispatching event socket_event_type
12:23:42,475 discord.client DEBUG Dispatching event guild_available
12:23:44,478 discord.client DEBUG Dispatching event ready
12:23:44,807 discord.gateway DEBUG For Shard ID None: WebSocket Event: {'t': 'MESSAGE_CREATE', 's': 3, 'op': 0, 'd': {'type': 0, 'tts': False, 'timestamp': '2023-03-05T18:23:45.676000+00:00', 'referenced_message': None, 'pinned': False, 'mentions': [], 'mention_roles': [], 'mention_everyone': False, 'member': {'roles': ['1077716697231917180'], 'premium_since': None, 'pending': False, 'nick': None, 'mute': False, 'joined_at': '2023-02-21T22:21:23.731000+00:00', 'flags': 0, 'deaf': False, 'communication_disabled_until': None, 'avatar': None}, 'id': '1082005549434032259', 'flags': 0, 'embeds': [], 'edited_timestamp': None, 'content': '***New program added at Sun, 14 Esf 1401***', 'components': [], 'channel_id': '1077715462957310144', 'author': {'username': 'Bounty Program List', 'public_flags': 0, 'id': '1077714110952783982', 'display_name': None, 'discriminator': '9853', 'bot': True, 'avatar_decoration': None, 'avatar': None}, 'attachments': [], 'guild_id': '1077715462198145106'}}
12:23:44,808 discord.client DEBUG Dispatching event socket_event_type
12:23:44,808 discord.client DEBUG Dispatching event message
12:23:44,823 discord.http DEBUG POST https://discord.com/api/v10/channels/1077715462957310144/messages with {"content":"***New program added at Sun, 14 Esf 1401***","components":[],"tts":false} has returned 200
12:23:44,824 discord.http DEBUG POST /channels/{channel_id}/messages has found its initial rate limit bucket hash (1d3c67957bcdccc6709861c232df8529).
12:23:44,824 discord.http DEBUG POST https://discord.com/api/v10/channels/1077715462957310144/messages has received {'id': '1082005549434032259', 'type': 0, 'content': '***New program added at Sun, 14 Esf 1401***', 'channel_id': '1077715462957310144', 'author': {'id': '1077714110952783982', 'username': 'Bounty Program List', 'display_name': None, 'avatar': None, 'avatar_decoration': None, 'discriminator': '9853', 'public_flags': 0, 'bot': True}, 'attachments': [], 'embeds': [], 'mentions': [], 'mention_roles': [], 'pinned': False, 'mention_everyone': False, 'tts': False, 'timestamp': '2023-03-05T18:23:45.676000+00:00', 'edited_timestamp': None, 'flags': 0, 'components': [], 'referenced_message': None}
12:23:45,219 discord.gateway DEBUG For Shard ID None: WebSocket Event: {'t': 'MESSAGE_CREATE', 's': 4, 'op': 0, 'd': {'type': 0, 'tts': False, 'timestamp': '2023-03-05T18:23:46.060000+00:00', 'referenced_message': None, 'pinned': False, 'mentions': [], 'mention_roles': [], 'mention_everyone': False, 'member': {'roles': ['1077716697231917180'], 'premium_since': None, 'pending': False, 'nick': None, 'mute': False, 'joined_at': '2023-02-21T22:21:23.731000+00:00', 'flags': 0, 'deaf': False, 'communication_disabled_until': None, 'avatar': None}, 'id': '1082005551044640798', 'flags': 0, 'embeds': [{'url': 'https://bugcrowd.com/hotdoc', 'type': 'link', 'title': 'HotDoc’s bug bounty program | Bugcrowd', 'thumbnail': {'width': 300, 'url': 'https://logos.bugcrowdusercontent.com/logos/595d/b1d0/35d309a0/1fc8ef4ad47b2b52c0f19ad9e33f567e_69730caf737a78b1d9f91d9e75ac73a5_ZLdS9Bce_400x400.jpg', 'proxy_url': 'https://images-ext-2.discordapp.net/external/XMTLvm2WQpCf_8c7QLvF9gtoPEZa1Vq-BrcFI1AIh_4/https/logos.bugcrowdusercontent.com/logos/595d/b1d0/35d309a0/1fc8ef4ad47b2b52c0f19ad9e33f567e_69730caf737a78b1d9f91d9e75ac73a5_ZLdS9Bce_400x400.jpg', 'height': 300}, 'provider': {'name': 'Bugcrowd'}, 'description': 'Learn more about HotDoc’s bug bounty program powered by Bugcrowd, the leader in crowdsourced security solutions.'}], 'edited_timestamp': None, 'content': '***Platform***: Bugcrowd\n                ***Name***: hotdoc\n                ***Company***: easily book and manage all your appointments from one place.\n                ***URL***: https://bugcrowd.com/hotdoc', 'components': [], 'channel_id': '1077715462957310144', 'author': {'username': 'Bounty Program List', 'public_flags': 0, 'id': '1077714110952783982', 'display_name': None, 'discriminator': '9853', 'bot': True, 'avatar_decoration': None, 'avatar': None}, 'attachments': [], 'guild_id': '1077715462198145106'}}
12:23:45,219 discord.client DEBUG Dispatching event socket_event_type
12:23:45,219 discord.client DEBUG Dispatching event message
12:23:45,296 discord.http DEBUG POST https://discord.com/api/v10/channels/1077715462957310144/messages with {"content":"\n                ***Platform***: Bugcrowd\n                ***Name***: hotdoc\n                ***Company***: easily book and manage all your appointments from one place.\n                ***URL***: https://bugcrowd.com/hotdoc\n\n\n            ","components":[],"tts":false} has returned 200
12:23:45,296 discord.http DEBUG POST https://discord.com/api/v10/channels/1077715462957310144/messages has received {'id': '1082005551044640798', 'type': 0, 'content': '***Platform***: Bugcrowd\n                ***Name***: hotdoc\n                ***Company***: easily book and manage all your appointments from one place.\n                ***URL***: https://bugcrowd.com/hotdoc', 'channel_id': '1077715462957310144', 'author': {'id': '1077714110952783982', 'username': 'Bounty Program List', 'display_name': None, 'avatar': None, 'avatar_decoration': None, 'discriminator': '9853', 'public_flags': 0, 'bot': True}, 'attachments': [], 'embeds': [{'type': 'link', 'url': 'https://bugcrowd.com/hotdoc', 'title': 'HotDoc’s bug bounty program | Bugcrowd', 'description': 'Learn more about HotDoc’s bug bounty program powered by Bugcrowd, the leader in crowdsourced security solutions.', 'provider': {'name': 'Bugcrowd'}, 'thumbnail': {'url': 'https://logos.bugcrowdusercontent.com/logos/595d/b1d0/35d309a0/1fc8ef4ad47b2b52c0f19ad9e33f567e_69730caf737a78b1d9f91d9e75ac73a5_ZLdS9Bce_400x400.jpg', 'proxy_url': 'https://images-ext-2.discordapp.net/external/XMTLvm2WQpCf_8c7QLvF9gtoPEZa1Vq-BrcFI1AIh_4/https/logos.bugcrowdusercontent.com/logos/595d/b1d0/35d309a0/1fc8ef4ad47b2b52c0f19ad9e33f567e_69730caf737a78b1d9f91d9e75ac73a5_ZLdS9Bce_400x400.jpg', 'width': 300, 'height': 300}}], 'mentions': [], 'mention_roles': [], 'pinned': False, 'mention_everyone': False, 'tts': False, 'timestamp': '2023-03-05T18:23:46.060000+00:00', 'edited_timestamp': None, 'flags': 0, 'components': [], 'referenced_message': None}
12:23:45,753 discord.http DEBUG POST https://discord.com/api/v10/channels/1077715462957310144/messages with {"content":"\n                ***Platform***: Hackerone\n                ***Name***: ho\n                ***Company***: easily book and \n                ***URL***: https://bugcrowd.com/hotdoc/asdf\n\n\n            ","components":[],"tts":false} has returned 200
12:23:45,753 discord.http DEBUG POST https://discord.com/api/v10/channels/1077715462957310144/messages has received {'id': '1082005552692985898', 'type': 0, 'content': '***Platform***: Hackerone\n                ***Name***: ho\n                ***Company***: easily book and \n                ***URL***: https://bugcrowd.com/hotdoc/asdf', 'channel_id': '1077715462957310144', 'author': {'id': '1077714110952783982', 'username': 'Bounty Program List', 'display_name': None, 'avatar': None, 'avatar_decoration': None, 'discriminator': '9853', 'public_flags': 0, 'bot': True}, 'attachments': [], 'embeds': [], 'mentions': [], 'mention_roles': [], 'pinned': False, 'mention_everyone': False, 'tts': False, 'timestamp': '2023-03-05T18:23:46.453000+00:00', 'edited_timestamp': None, 'flags': 0, 'components': [], 'referenced_message': None}
12:23:45,754 discord.gateway DEBUG For Shard ID None: WebSocket Event: {'t': 'MESSAGE_CREATE', 's': 5, 'op': 0, 'd': {'type': 0, 'tts': False, 'timestamp': '2023-03-05T18:23:46.453000+00:00', 'referenced_message': None, 'pinned': False, 'mentions': [], 'mention_roles': [], 'mention_everyone': False, 'member': {'roles': ['1077716697231917180'], 'premium_since': None, 'pending': False, 'nick': None, 'mute': False, 'joined_at': '2023-02-21T22:21:23.731000+00:00', 'flags': 0, 'deaf': False, 'communication_disabled_until': None, 'avatar': None}, 'id': '1082005552692985898', 'flags': 0, 'embeds': [], 'edited_timestamp': None, 'content': '***Platform***: Hackerone\n                ***Name***: ho\n                ***Company***: easily book and \n                ***URL***: https://bugcrowd.com/hotdoc/asdf', 'components': [], 'channel_id': '1077715462957310144', 'author': {'username': 'Bounty Program List', 'public_flags': 0, 'id': '1077714110952783982', 'display_name': None, 'discriminator': '9853', 'bot': True, 'avatar_decoration': None, 'avatar': None}, 'attachments': [], 'guild_id': '1077715462198145106'}}
12:23:45,754 discord.client DEBUG Dispatching event socket_event_type
12:23:45,754 discord.client DEBUG Dispatching event message
12:23:45,755 discord.gateway DEBUG Received WSMessage(type=<WSMsgType.CLOSING: 256>, data=None, extra=None)
12:23:45,755 discord.gateway DEBUG Websocket closed with 1000, cannot reconnect.
12:23:45,755 discord.client DEBUG Dispatching event disconnect
13:35:53,290 root INFO Program started at Sun, 14 Esf 1401
13:35:53,290 root INFO Bugcrowd started at Sun, 14 Esf 1401
13:35:53,291 urllib3.connectionpool DEBUG Starting new HTTPS connection (1): bugcrowd.com:443
13:35:55,159 urllib3.connectionpool DEBUG https://bugcrowd.com:443 "GET /programs.json?sort%5B%5D=promoted-desc&vdp%5B%5D=false&page%5B%5D=0 HTTP/1.1" 200 None
13:35:55,364 root INFO Request send to - https://bugcrowd.com/programs.json?sort[]=promoted-desc&vdp[]=false&page[]=0
13:35:55,367 urllib3.connectionpool DEBUG Starting new HTTPS connection (1): bugcrowd.com:443
13:35:57,2 urllib3.connectionpool DEBUG https://bugcrowd.com:443 "GET /programs.json?sort%5B%5D=promoted-desc&vdp%5B%5D=false&page%5B%5D=1 HTTP/1.1" 200 None
13:35:57,211 root INFO Request send to - https://bugcrowd.com/programs.json?sort[]=promoted-desc&vdp[]=false&page[]=1
13:35:57,215 urllib3.connectionpool DEBUG Starting new HTTPS connection (1): bugcrowd.com:443
13:35:58,948 urllib3.connectionpool DEBUG https://bugcrowd.com:443 "GET /programs.json?sort%5B%5D=promoted-desc&vdp%5B%5D=false&page%5B%5D=2 HTTP/1.1" 200 None
13:35:59,153 root INFO Request send to - https://bugcrowd.com/programs.json?sort[]=promoted-desc&vdp[]=false&page[]=2
13:35:59,157 urllib3.connectionpool DEBUG Starting new HTTPS connection (1): bugcrowd.com:443
13:36:00,996 urllib3.connectionpool DEBUG https://bugcrowd.com:443 "GET /programs.json?sort%5B%5D=promoted-desc&vdp%5B%5D=false&page%5B%5D=3 HTTP/1.1" 200 None
13:36:01,202 root INFO Request send to - https://bugcrowd.com/programs.json?sort[]=promoted-desc&vdp[]=false&page[]=3
13:36:01,204 urllib3.connectionpool DEBUG Starting new HTTPS connection (1): bugcrowd.com:443
13:36:02,930 urllib3.connectionpool DEBUG https://bugcrowd.com:443 "GET /programs.json?sort%5B%5D=promoted-desc&vdp%5B%5D=false&page%5B%5D=4 HTTP/1.1" 200 None
13:36:03,63 root INFO Request send to - https://bugcrowd.com/programs.json?sort[]=promoted-desc&vdp[]=false&page[]=4
13:36:03,67 urllib3.connectionpool DEBUG Starting new HTTPS connection (1): bugcrowd.com:443
13:36:05,136 urllib3.connectionpool DEBUG https://bugcrowd.com:443 "GET /programs.json?sort%5B%5D=promoted-desc&vdp%5B%5D=false&page%5B%5D=5 HTTP/1.1" 200 None
13:36:05,139 root INFO Request send to - https://bugcrowd.com/programs.json?sort[]=promoted-desc&vdp[]=false&page[]=5
13:36:05,143 urllib3.connectionpool DEBUG Starting new HTTPS connection (1): bugcrowd.com:443
13:36:06,537 urllib3.connectionpool DEBUG https://bugcrowd.com:443 "GET /programs.json?sort%5B%5D=promoted-desc&vdp%5B%5D=false&page%5B%5D=6 HTTP/1.1" 200 None
13:36:06,542 root INFO Request send to - https://bugcrowd.com/programs.json?sort[]=promoted-desc&vdp[]=false&page[]=6
13:36:06,546 urllib3.connectionpool DEBUG Starting new HTTPS connection (1): bugcrowd.com:443
13:36:08,91 urllib3.connectionpool DEBUG https://bugcrowd.com:443 "GET /programs.json?sort%5B%5D=promoted-desc&vdp%5B%5D=false&page%5B%5D=7 HTTP/1.1" 200 None
13:36:08,99 root INFO Request send to - https://bugcrowd.com/programs.json?sort[]=promoted-desc&vdp[]=false&page[]=7
13:36:08,103 urllib3.connectionpool DEBUG Starting new HTTPS connection (1): bugcrowd.com:443
13:36:10,394 urllib3.connectionpool DEBUG https://bugcrowd.com:443 "GET /programs.json?sort%5B%5D=promoted-desc&vdp%5B%5D=false&page%5B%5D=8 HTTP/1.1" 200 None
13:36:10,455 root INFO Request send to - https://bugcrowd.com/programs.json?sort[]=promoted-desc&vdp[]=false&page[]=8
13:36:10,460 urllib3.connectionpool DEBUG Starting new HTTPS connection (1): bugcrowd.com:443
13:36:13,386 urllib3.connectionpool DEBUG https://bugcrowd.com:443 "GET /programs.json?sort%5B%5D=promoted-desc&vdp%5B%5D=false&page%5B%5D=9 HTTP/1.1" 200 None
13:36:13,592 root INFO Request send to - https://bugcrowd.com/programs.json?sort[]=promoted-desc&vdp[]=false&page[]=9
13:36:13,596 urllib3.connectionpool DEBUG Starting new HTTPS connection (1): bugcrowd.com:443
13:36:14,717 urllib3.connectionpool DEBUG https://bugcrowd.com:443 "GET /programs.json?sort%5B%5D=promoted-desc&vdp%5B%5D=false&page%5B%5D=10 HTTP/1.1" 200 None
13:36:14,720 root INFO Request send to - https://bugcrowd.com/programs.json?sort[]=promoted-desc&vdp[]=false&page[]=10
13:36:14,721 urllib3.connectionpool DEBUG Starting new HTTPS connection (1): bugcrowd.com:443
13:36:15,735 urllib3.connectionpool DEBUG https://bugcrowd.com:443 "GET /programs.json?sort%5B%5D=promoted-desc&vdp%5B%5D=false&page%5B%5D=11 HTTP/1.1" 200 None
13:36:15,738 root INFO Request send to - https://bugcrowd.com/programs.json?sort[]=promoted-desc&vdp[]=false&page[]=11
13:36:15,738 root INFO The last page of the programs is - 12
13:36:15,746 root INFO Bugcrowd finished with 0 results.
13:36:15,746 root INFO Intigriti started at Sun, 14 Esf 1401
13:36:15,746 root INFO Intigriti function runs.
13:36:15,747 urllib3.connectionpool DEBUG Starting new HTTPS connection (1): www.intigriti.com:443
13:36:16,521 urllib3.connectionpool DEBUG https://www.intigriti.com:443 "GET /_next/data/uV9iNviSBR6cDIRuoUTN7/en/programs.json HTTP/1.1" 200 None
13:36:17,279 root INFO Request send to - https://www.intigriti.com/_next/data/uV9iNviSBR6cDIRuoUTN7/en/programs.json
13:36:17,284 root INFO Intigiriti finished with 0 results.
13:36:17,284 root INFO Hackerone started at Sun, 14 Esf 1401
13:36:17,285 urllib3.connectionpool DEBUG Starting new HTTPS connection (1): api.hackerone.com:443
13:36:18,446 urllib3.connectionpool DEBUG https://api.hackerone.com:443 "GET /v1/hackers/programs?page%5Bnumber%5D=0 HTTP/1.1" 200 None
13:36:18,581 root INFO Request sended to - https://api.hackerone.com/v1/hackers/programs?page%5Bnumber%5D=0
13:36:18,584 urllib3.connectionpool DEBUG Starting new HTTPS connection (1): api.hackerone.com:443
13:36:20,42 urllib3.connectionpool DEBUG https://api.hackerone.com:443 "GET /v1/hackers/programs?page%5Bnumber%5D=1 HTTP/1.1" 200 None
13:36:20,85 root INFO Request sended to - https://api.hackerone.com/v1/hackers/programs?page%5Bnumber%5D=1
13:36:20,88 urllib3.connectionpool DEBUG Starting new HTTPS connection (1): api.hackerone.com:443
13:36:21,286 urllib3.connectionpool DEBUG https://api.hackerone.com:443 "GET /v1/hackers/programs?page%5Bnumber%5D=2 HTTP/1.1" 200 None
13:36:21,289 root INFO Request sended to - https://api.hackerone.com/v1/hackers/programs?page%5Bnumber%5D=2
13:36:21,292 urllib3.connectionpool DEBUG Starting new HTTPS connection (1): api.hackerone.com:443
13:36:23,563 urllib3.connectionpool DEBUG https://api.hackerone.com:443 "GET /v1/hackers/programs?page%5Bnumber%5D=3 HTTP/1.1" 200 None
13:36:23,706 root INFO Request sended to - https://api.hackerone.com/v1/hackers/programs?page%5Bnumber%5D=3
13:36:23,709 urllib3.connectionpool DEBUG Starting new HTTPS connection (1): api.hackerone.com:443
13:36:24,997 urllib3.connectionpool DEBUG https://api.hackerone.com:443 "GET /v1/hackers/programs?page%5Bnumber%5D=4 HTTP/1.1" 200 None
13:36:25,78 root INFO Request sended to - https://api.hackerone.com/v1/hackers/programs?page%5Bnumber%5D=4
13:36:25,82 urllib3.connectionpool DEBUG Starting new HTTPS connection (1): api.hackerone.com:443
13:36:26,598 urllib3.connectionpool DEBUG https://api.hackerone.com:443 "GET /v1/hackers/programs?page%5Bnumber%5D=5 HTTP/1.1" 200 None
13:36:26,600 root INFO Request sended to - https://api.hackerone.com/v1/hackers/programs?page%5Bnumber%5D=5
13:36:26,601 urllib3.connectionpool DEBUG Starting new HTTPS connection (1): api.hackerone.com:443
13:36:28,29 urllib3.connectionpool DEBUG https://api.hackerone.com:443 "GET /v1/hackers/programs?page%5Bnumber%5D=6 HTTP/1.1" 200 None
13:36:28,32 root INFO Request sended to - https://api.hackerone.com/v1/hackers/programs?page%5Bnumber%5D=6
13:36:28,34 urllib3.connectionpool DEBUG Starting new HTTPS connection (1): api.hackerone.com:443
13:36:29,360 urllib3.connectionpool DEBUG https://api.hackerone.com:443 "GET /v1/hackers/programs?page%5Bnumber%5D=7 HTTP/1.1" 200 None
13:36:29,363 root INFO Request sended to - https://api.hackerone.com/v1/hackers/programs?page%5Bnumber%5D=7
13:36:29,365 urllib3.connectionpool DEBUG Starting new HTTPS connection (1): api.hackerone.com:443
13:36:30,794 urllib3.connectionpool DEBUG https://api.hackerone.com:443 "GET /v1/hackers/programs?page%5Bnumber%5D=8 HTTP/1.1" 200 None
13:36:31,0 root INFO Request sended to - https://api.hackerone.com/v1/hackers/programs?page%5Bnumber%5D=8
13:36:31,3 urllib3.connectionpool DEBUG Starting new HTTPS connection (1): api.hackerone.com:443
13:36:32,312 urllib3.connectionpool DEBUG https://api.hackerone.com:443 "GET /v1/hackers/programs?page%5Bnumber%5D=9 HTTP/1.1" 200 None
13:36:32,353 root INFO Request sended to - https://api.hackerone.com/v1/hackers/programs?page%5Bnumber%5D=9
13:36:32,357 urllib3.connectionpool DEBUG Starting new HTTPS connection (1): api.hackerone.com:443
13:36:34,428 urllib3.connectionpool DEBUG https://api.hackerone.com:443 "GET /v1/hackers/programs?page%5Bnumber%5D=10 HTTP/1.1" 200 None
13:36:34,431 root INFO Request sended to - https://api.hackerone.com/v1/hackers/programs?page%5Bnumber%5D=10
13:36:34,432 urllib3.connectionpool DEBUG Starting new HTTPS connection (1): api.hackerone.com:443
13:36:35,811 urllib3.connectionpool DEBUG https://api.hackerone.com:443 "GET /v1/hackers/programs?page%5Bnumber%5D=11 HTTP/1.1" 200 None
13:36:35,814 root INFO Request sended to - https://api.hackerone.com/v1/hackers/programs?page%5Bnumber%5D=11
13:36:35,816 urllib3.connectionpool DEBUG Starting new HTTPS connection (1): api.hackerone.com:443
13:36:37,65 urllib3.connectionpool DEBUG https://api.hackerone.com:443 "GET /v1/hackers/programs?page%5Bnumber%5D=12 HTTP/1.1" 200 None
13:36:37,78 root INFO Request sended to - https://api.hackerone.com/v1/hackers/programs?page%5Bnumber%5D=12
13:36:37,82 urllib3.connectionpool DEBUG Starting new HTTPS connection (1): api.hackerone.com:443
13:36:38,474 urllib3.connectionpool DEBUG https://api.hackerone.com:443 "GET /v1/hackers/programs?page%5Bnumber%5D=13 HTTP/1.1" 200 None
13:36:38,477 root INFO Request sended to - https://api.hackerone.com/v1/hackers/programs?page%5Bnumber%5D=13
13:36:38,480 urllib3.connectionpool DEBUG Starting new HTTPS connection (1): api.hackerone.com:443
13:36:39,704 urllib3.connectionpool DEBUG https://api.hackerone.com:443 "GET /v1/hackers/programs?page%5Bnumber%5D=14 HTTP/1.1" 200 None
13:36:39,706 root INFO Request sended to - https://api.hackerone.com/v1/hackers/programs?page%5Bnumber%5D=14
13:36:39,709 urllib3.connectionpool DEBUG Starting new HTTPS connection (1): api.hackerone.com:443
13:36:41,780 urllib3.connectionpool DEBUG https://api.hackerone.com:443 "GET /v1/hackers/programs?page%5Bnumber%5D=15 HTTP/1.1" 200 None
13:36:41,781 root INFO Request sended to - https://api.hackerone.com/v1/hackers/programs?page%5Bnumber%5D=15
13:36:41,784 urllib3.connectionpool DEBUG Starting new HTTPS connection (1): api.hackerone.com:443
13:36:43,186 urllib3.connectionpool DEBUG https://api.hackerone.com:443 "GET /v1/hackers/programs?page%5Bnumber%5D=16 HTTP/1.1" 200 None
13:36:43,391 root INFO Request sended to - https://api.hackerone.com/v1/hackers/programs?page%5Bnumber%5D=16
13:36:43,395 urllib3.connectionpool DEBUG Starting new HTTPS connection (1): api.hackerone.com:443
13:36:44,722 urllib3.connectionpool DEBUG https://api.hackerone.com:443 "GET /v1/hackers/programs?page%5Bnumber%5D=17 HTTP/1.1" 200 None
13:36:44,854 root INFO Request sended to - https://api.hackerone.com/v1/hackers/programs?page%5Bnumber%5D=17
13:36:44,856 urllib3.connectionpool DEBUG Starting new HTTPS connection (1): api.hackerone.com:443
13:36:46,153 urllib3.connectionpool DEBUG https://api.hackerone.com:443 "GET /v1/hackers/programs?page%5Bnumber%5D=18 HTTP/1.1" 200 None
13:36:46,402 root INFO Request sended to - https://api.hackerone.com/v1/hackers/programs?page%5Bnumber%5D=18
13:36:46,405 urllib3.connectionpool DEBUG Starting new HTTPS connection (1): api.hackerone.com:443
13:36:47,658 urllib3.connectionpool DEBUG https://api.hackerone.com:443 "GET /v1/hackers/programs?page%5Bnumber%5D=19 HTTP/1.1" 200 None
13:36:47,702 root INFO Request sended to - https://api.hackerone.com/v1/hackers/programs?page%5Bnumber%5D=19
13:36:47,705 urllib3.connectionpool DEBUG Starting new HTTPS connection (1): api.hackerone.com:443
13:36:49,517 urllib3.connectionpool DEBUG https://api.hackerone.com:443 "GET /v1/hackers/programs?page%5Bnumber%5D=20 HTTP/1.1" 200 None
13:36:49,519 root INFO Request sended to - https://api.hackerone.com/v1/hackers/programs?page%5Bnumber%5D=20
13:36:49,522 urllib3.connectionpool DEBUG Starting new HTTPS connection (1): api.hackerone.com:443
13:36:50,974 urllib3.connectionpool DEBUG https://api.hackerone.com:443 "GET /v1/hackers/programs?page%5Bnumber%5D=21 HTTP/1.1" 200 None
13:36:50,977 root INFO Request sended to - https://api.hackerone.com/v1/hackers/programs?page%5Bnumber%5D=21
13:36:50,978 root WARNING Data doesn't exist at - https://api.hackerone.com/v1/hackers/programs?page%5Bnumber%5D=21
13:36:50,998 root INFO Hackerone finished with 0 results.
13:36:50,999 discord.client WARNING PyNaCl is not installed, voice will NOT be supported
13:36:50,999 discord.client DEBUG on_ready has successfully been registered as an event
13:36:50,999 asyncio DEBUG Using selector: EpollSelector
13:36:50,999 discord.client INFO logging in using static token
13:36:51,888 discord.http DEBUG GET https://discord.com/api/v10/users/@me with None has returned 200
13:36:51,889 discord.http DEBUG GET /users/@me has found its initial rate limit bucket hash (f7ead6a7674e5a323d93786263b66cb1).
13:36:51,889 discord.http DEBUG GET https://discord.com/api/v10/users/@me has received {'id': '1077714110952783982', 'username': 'Bounty Program List', 'display_name': None, 'avatar': None, 'avatar_decoration': None, 'discriminator': '9853', 'public_flags': 0, 'flags': 0, 'bot': True, 'banner': None, 'banner_color': None, 'accent_color': None, 'bio': '', 'locale': 'en-US', 'mfa_enabled': False, 'premium_type': 0, 'email': None, 'verified': True}
13:36:52,184 discord.http DEBUG GET https://discord.com/api/v10/oauth2/applications/@me with None has returned 200
13:36:52,184 discord.http DEBUG GET /oauth2/applications/@me has found its initial rate limit bucket hash (f7ead6a7674e5a323d93786263b66cb1).
13:36:52,184 discord.http DEBUG GET https://discord.com/api/v10/oauth2/applications/@me has received {'id': '1077714110952783982', 'name': 'Bounty program list', 'icon': None, 'description': '', 'summary': '', 'type': None, 'hook': True, 'bot_public': True, 'bot_require_code_grant': False, 'verify_key': '9354a21aa8f4cca8f67ab842cdb13ceab1d57b0c3a803c6c5135c94223e226e3', 'owner': {'id': '688767880208056350', 'username': 'H3llf!r3', 'display_name': None, 'avatar': '2afcfd4479e2efb28e2039f1e210ff23', 'avatar_decoration': None, 'discriminator': '5377', 'public_flags': 0, 'flags': 0}, 'flags': 0, 'team': None}
13:36:52,902 discord.gateway DEBUG Created websocket connected to wss://gateway.discord.gg/
13:36:52,902 discord.gateway DEBUG For Shard ID None: WebSocket Event: {'t': None, 's': None, 'op': 10, 'd': {'heartbeat_interval': 41250, '_trace': ['["gateway-prd-us-east1-d-m9ts",{"micros":0.0}]']}}
13:36:52,903 discord.gateway DEBUG Shard ID None has sent the IDENTIFY payload.
13:36:53,140 discord.gateway DEBUG For Shard ID None: WebSocket Event: {'t': None, 's': None, 'op': 11, 'd': None}
13:36:53,424 discord.gateway DEBUG For Shard ID None: WebSocket Event: {'t': 'READY', 's': 1, 'op': 0, 'd': {'v': 10, 'user_settings': {}, 'user': {'verified': True, 'username': 'Bounty Program List', 'mfa_enabled': False, 'id': '1077714110952783982', 'flags': 0, 'email': None, 'display_name': None, 'discriminator': '9853', 'bot': True, 'avatar': None}, 'session_type': 'normal', 'session_id': '8ead47f39b6da20d67e0a93c8ee3e4fe', 'resume_gateway_url': 'wss://gateway-us-east1-d.discord.gg', 'relationships': [], 'private_channels': [], 'presences': [], 'guilds': [{'unavailable': True, 'id': '1077715462198145106'}], 'guild_join_requests': [], 'geo_ordered_rtc_regions': ['rotterdam', 'frankfurt', 'milan', 'madrid', 'stockholm'], 'application': {'id': '1077714110952783982', 'flags': 0}, '_trace': ['["gateway-prd-us-east1-d-m9ts",{"micros":253807,"calls":["id_created",{"micros":1559,"calls":[]},"session_lookup_time",{"micros":9215,"calls":[]},"session_lookup_finished",{"micros":24,"calls":[]},"discord-sessions-blue-prd-2-279",{"micros":237889,"calls":["start_session",{"micros":169843,"calls":["discord-api-6dc7c98557-2ht7d",{"micros":163964,"calls":["get_user",{"micros":16752},"get_guilds",{"micros":71800},"send_scheduled_deletion_message",{"micros":14},"guild_join_requests",{"micros":3},"authorized_ip_coro",{"micros":12}]}]},"starting_guild_connect",{"micros":59,"calls":[]},"presence_started",{"micros":10901,"calls":[]},"guilds_started",{"micros":70,"calls":[]},"guilds_connect",{"micros":1,"calls":[]},"presence_connect",{"micros":56969,"calls":[]},"connect_finished",{"micros":56974,"calls":[]},"build_ready",{"micros":20,"calls":[]},"clean_ready",{"micros":1,"calls":[]},"optimize_ready",{"micros":1,"calls":[]},"split_ready",{"micros":19,"calls":[]}]}]}]']}}
13:36:53,424 discord.client DEBUG Dispatching event socket_event_type
13:36:53,424 discord.gateway INFO Shard ID None has connected to Gateway (Session ID: 8ead47f39b6da20d67e0a93c8ee3e4fe).
13:36:53,424 discord.client DEBUG Dispatching event connect
13:36:53,442 discord.gateway DEBUG For Shard ID None: WebSocket Event: {'t': 'GUILD_CREATE', 's': 2, 'op': 0, 'd': {'afk_timeout': 300, 'premium_tier': 0, 'channels': [{'version': 1677017789367, 'type': 4, 'position': 0, 'permission_overwrites': [], 'name': 'Text Channels', 'id': '1077715462957310142', 'flags': 0}, {'version': 1677017789381, 'type': 4, 'position': 0, 'permission_overwrites': [], 'name': 'Voice Channels', 'id': '1077715462957310143', 'flags': 0}, {'version': 1677354458088, 'type': 0, 'topic': None, 'rate_limit_per_user': 0, 'position': 0, 'permission_overwrites': [], 'parent_id': '1077715462957310142', 'name': 'new-projects', 'last_message_id': '1082005552692985898', 'id': '1077715462957310144', 'flags': 0}, {'version': 1677017789431, 'user_limit': 0, 'type': 2, 'rtc_region': None, 'rate_limit_per_user': 0, 'position': 0, 'permission_overwrites': [], 'parent_id': '1077715462957310143', 'name': 'General', 'last_message_id': None, 'id': '1077715462957310145', 'flags': 0, 'bitrate': 64000}, {'version': 1677354442929, 'type': 0, 'topic': None, 'rate_limit_per_user': 0, 'position': 1, 'permission_overwrites': [], 'parent_id': '1077715462957310142', 'name': 'subdomains', 'last_message_id': None, 'id': '1079127490351616140', 'flags': 0}], 'public_updates_channel_id': None, 'system_channel_flags': 0, 'region': 'deprecated', 'stickers': [], 'system_channel_id': '1077715462957310144', 'description': None, 'safety_alerts_channel_id': None, 'default_message_notifications': 0, 'rules_channel_id': None, 'features': ['APPLICATION_COMMAND_PERMISSIONS_V2'], 'home_header': None, 'nsfw_level': 0, 'voice_states': [], 'nsfw': False, 'premium_subscription_count': 0, 'presences': [], 'application_command_counts': {}, 'max_video_channel_users': 25, 'max_members': 500000, 'max_stage_video_channel_users': 50, 'explicit_content_filter': 0, 'id': '1077715462198145106', 'preferred_locale': 'en-US', 'embedded_activities': [], 'afk_channel_id': None, 'guild_hashes': {'version': 1, 'roles': {'omitted': False, 'hash': 'e2X7yg'}, 'metadata': {'omitted': False, 'hash': '6K/2fw'}, 'channels': {'omitted': False, 'hash': 'p7dPPw'}}, 'joined_at': '2023-02-21T22:21:23.731000+00:00', 'member_count': 2, 'lazy': True, 'guild_scheduled_events': [], 'unavailable': False, 'premium_progress_bar_enabled': False, 'threads': [], 'verification_level': 0, 'discovery_splash': None, 'splash': None, 'latest_onboarding_question_id': None, 'large': False, 'hub_type': None, 'roles': [{'version': 1677017789344, 'unicode_emoji': None, 'tags': {}, 'position': 0, 'permissions': '1071698660929', 'name': '@everyone', 'mentionable': False, 'managed': False, 'id': '1077715462198145106', 'icon': None, 'hoist': False, 'flags': 0, 'color': 0}, {'version': 1677018083711, 'unicode_emoji': None, 'tags': {'bot_id': '1077714110952783982'}, 'position': 1, 'permissions': '8', 'name': 'Bounty program list', 'mentionable': False, 'managed': True, 'id': '1077716697231917180', 'icon': None, 'hoist': False, 'flags': 0, 'color': 0}], 'icon': '3e9234206ed569ed528fa58c4da2bad1', 'emojis': [], 'vanity_url_code': None, 'application_id': None, 'owner_id': '688767880208056350', 'members': [{'user': {'username': 'Bounty Program List', 'public_flags': 0, 'id': '1077714110952783982', 'display_name': None, 'discriminator': '9853', 'bot': True, 'avatar_decoration': None, 'avatar': None}, 'roles': ['1077716697231917180'], 'premium_since': None, 'pending': False, 'nick': None, 'mute': False, 'joined_at': '2023-02-21T22:21:23.731000+00:00', 'flags': 0, 'deaf': False, 'communication_disabled_until': None, 'avatar': None}], 'banner': None, 'name': "H3llf!r3's server", 'mfa_level': 0, 'stage_instances': []}}
13:36:53,442 discord.client DEBUG Dispatching event socket_event_type
13:36:53,443 discord.client DEBUG Dispatching event guild_available
13:36:55,444 discord.client DEBUG Dispatching event ready
13:36:55,881 discord.gateway DEBUG For Shard ID None: WebSocket Event: {'t': 'MESSAGE_CREATE', 's': 3, 'op': 0, 'd': {'type': 0, 'tts': False, 'timestamp': '2023-03-05T19:36:55.711000+00:00', 'referenced_message': None, 'pinned': False, 'mentions': [], 'mention_roles': [], 'mention_everyone': False, 'member': {'roles': ['1077716697231917180'], 'premium_since': None, 'pending': False, 'nick': None, 'mute': False, 'joined_at': '2023-02-21T22:21:23.731000+00:00', 'flags': 0, 'deaf': False, 'communication_disabled_until': None, 'avatar': None}, 'id': '1082023962575380561', 'flags': 0, 'embeds': [], 'edited_timestamp': None, 'content': '***New program added at Sun, 14 Esf 1401***', 'components': [], 'channel_id': '1077715462957310144', 'author': {'username': 'Bounty Program List', 'public_flags': 0, 'id': '1077714110952783982', 'display_name': None, 'discriminator': '9853', 'bot': True, 'avatar_decoration': None, 'avatar': None}, 'attachments': [], 'guild_id': '1077715462198145106'}}
13:36:55,881 discord.client DEBUG Dispatching event socket_event_type
13:36:55,881 discord.client DEBUG Dispatching event message
13:36:55,882 discord.http DEBUG POST https://discord.com/api/v10/channels/1077715462957310144/messages with {"content":"***New program added at Sun, 14 Esf 1401***","components":[],"tts":false} has returned 200
13:36:55,882 discord.http DEBUG POST /channels/{channel_id}/messages has found its initial rate limit bucket hash (1d3c67957bcdccc6709861c232df8529).
13:36:55,882 discord.http DEBUG POST https://discord.com/api/v10/channels/1077715462957310144/messages has received {'id': '1082023962575380561', 'type': 0, 'content': '***New program added at Sun, 14 Esf 1401***', 'channel_id': '1077715462957310144', 'author': {'id': '1077714110952783982', 'username': 'Bounty Program List', 'display_name': None, 'avatar': None, 'avatar_decoration': None, 'discriminator': '9853', 'public_flags': 0, 'bot': True}, 'attachments': [], 'embeds': [], 'mentions': [], 'mention_roles': [], 'pinned': False, 'mention_everyone': False, 'tts': False, 'timestamp': '2023-03-05T19:36:55.711000+00:00', 'edited_timestamp': None, 'flags': 0, 'components': [], 'referenced_message': None}
13:36:55,883 discord.gateway DEBUG Received WSMessage(type=<WSMsgType.CLOSING: 256>, data=None, extra=None)
13:36:55,883 discord.gateway DEBUG Websocket closed with 1000, cannot reconnect.
13:36:55,883 discord.client DEBUG Dispatching event disconnect
16:16:00,603 root INFO Program started at Mon, 15 Esf 1401
16:16:00,604 root INFO Bugcrowd started at Mon, 15 Esf 1401
16:16:00,604 urllib3.connectionpool DEBUG Starting new HTTPS connection (1): bugcrowd.com:443
16:16:01,467 urllib3.connectionpool DEBUG https://bugcrowd.com:443 "GET /programs.json?sort%5B%5D=promoted-desc&vdp%5B%5D=false&page%5B%5D=0 HTTP/1.1" 403 None
16:16:02,146 root INFO Request send to - https://bugcrowd.com/programs.json?sort[]=promoted-desc&vdp[]=false&page[]=0
16:16:56,422 root INFO Program started at Mon, 15 Esf 1401
16:16:56,422 root INFO Bugcrowd started at Mon, 15 Esf 1401
16:16:56,423 urllib3.connectionpool DEBUG Starting new HTTPS connection (1): bugcrowd.com:443
16:16:57,685 urllib3.connectionpool DEBUG https://bugcrowd.com:443 "GET /programs.json?sort%5B%5D=promoted-desc&vdp%5B%5D=false&page%5B%5D=0 HTTP/1.1" 403 None
16:16:57,687 root INFO Request send to - https://bugcrowd.com/programs.json?sort[]=promoted-desc&vdp[]=false&page[]=0
